#
# A fatal error has been detected by the Java Runtime Environment:
#
#  EXCEPTION_ACCESS_VIOLATION (0xc0000005) at pc=0x000007fef974844d, pid=5224, tid=2556
#
# JRE version: Java(TM) SE Runtime Environment (8.0_65-b17) (build 1.8.0_65-b17)
# Java VM: Java HotSpot(TM) 64-Bit Server VM (25.65-b01 mixed mode windows-amd64 compressed oops)
# Problematic frame:
# C  [lwjgl_opengl.dll+0x844d]
#
# Failed to write core dump. Minidumps are not enabled by default on client versions of Windows
#
# If you would like to submit a bug report, please visit:
#   http://bugreport.java.com/bugreport/crash.jsp
# The crash happened outside the Java Virtual Machine in native code.
# See problematic frame for where to report the bug.
#

---------------  T H R E A D  ---------------

Current thread (0x000000000238f000):  JavaThread "main" [_thread_in_native, id=2556, stack(0x0000000002530000,0x0000000002630000)]

siginfo: ExceptionCode=0xc0000005, reading address 0x0000000000000f18

Registers:
RAX=0x000000006ea05d40, RBX=0x000000001bba18e8, RCX=0x0000000000000001, RDX=0x000000001e5976ac
RSP=0x000000000262f658, RBP=0x000000000262f6d8, RSI=0x0000000000000188, RDI=0x0000000002907800
R8 =0x0000000000000001, R9 =0x000000001e5976ac, R10=0x0000000000000000, R11=0x000000006e499450
R12=0x0000000000000000, R13=0x000000001bba18e8, R14=0x000000000262f708, R15=0x000000000238f000
RIP=0x000007fef974844d, EFLAGS=0x0000000000010206

Top of Stack: (sp=0x000000000262f658)
0x000000000262f658:   0000000002915e34 0000000002907800
0x000000000262f668:   0000000002915bab 000000000238f000
0x000000000262f678:   000000001bba18e8 0000000000000188
0x000000000262f688:   000000000238f000 0000000002915b62
0x000000000262f698:   000000000262f698 000000001bba18e8
0x000000000262f6a8:   000000000262f708 000000001bbad368
0x000000000262f6b8:   0000000000000000 000000001bba18e8
0x000000000262f6c8:   0000000000000000 000000000262f6f8
0x000000000262f6d8:   000000000262f750 0000000002907ced
0x000000000262f6e8:   000000076b8aae30 000000000290f978
0x000000000262f6f8:   000000001e5976ac 000000076be81820
0x000000000262f708:   0000000000000001 000000000262f710
0x000000000262f718:   000000001bba1a3c 000000000262f780
0x000000000262f728:   000000001bbad368 0000000000000000
0x000000000262f738:   000000001bba1aa0 000000000262f6f8
0x000000000262f748:   000000000262f788 000000000262f7c8 

Instructions: (pc=0x000007fef974844d)
0x000007fef974842d:   49 ff a2 f0 09 00 00 cc cc cc cc cc cc cc cc cc
0x000007fef974843d:   cc cc cc 48 8b 01 49 8b d1 41 8b c8 4c 8b 50 18
0x000007fef974844d:   49 ff a2 18 0f 00 00 cc cc cc cc cc cc cc cc cc
0x000007fef974845d:   cc cc cc 48 8b 01 48 8b 48 18 48 8b 81 c0 1b 00 


Register to memory mapping:

RAX=0x000000006ea05d40 is an unknown value
RBX={method} {0x000000001bba18f0} 'nglGenVertexArrays' '(IJ)V' in 'org/lwjgl/opengl/GL30'
RCX=0x0000000000000001 is an unknown value
RDX=0x000000001e5976ac is an unknown value
RSP=0x000000000262f658 is pointing into the stack for thread: 0x000000000238f000
RBP=0x000000000262f6d8 is pointing into the stack for thread: 0x000000000238f000
RSI=0x0000000000000188 is an unknown value
RDI=0x0000000002907800 is at code_begin+832 in an Interpreter codelet
invoke return entry points  [0x00000000029074c0, 0x0000000002907dc0]  2304 bytes
R8 =0x0000000000000001 is an unknown value
R9 =0x000000001e5976ac is an unknown value
R10=0x0000000000000000 is an unknown value
R11=0x000000006e499450 is an unknown value
R12=0x0000000000000000 is an unknown value
R13={method} {0x000000001bba18f0} 'nglGenVertexArrays' '(IJ)V' in 'org/lwjgl/opengl/GL30'
R14=0x000000000262f708 is pointing into the stack for thread: 0x000000000238f000
R15=0x000000000238f000 is a thread


Stack: [0x0000000002530000,0x0000000002630000],  sp=0x000000000262f658,  free space=1021k
Native frames: (J=compiled Java code, j=interpreted, Vv=VM code, C=native code)
C  [lwjgl_opengl.dll+0x844d]

Java frames: (J=compiled Java code, j=interpreted, Vv=VM code)
j  org.lwjgl.opengl.GL30.nglGenVertexArrays(IJ)V+0
j  org.lwjgl.opengl.GL30.glGenVertexArrays()I+20
j  Viwer.Loader.createVao()I+0
j  Viwer.Loader.loadToVao([F)LViwer/Modelo;+1
j  Viwer.Display.addModel([F)V+9
j  robotcalc.RobotCalc.main([Ljava/lang/String;)V+16
v  ~StubRoutines::call_stub

---------------  P R O C E S S  ---------------

Java Threads: ( => current thread )
  0x000000001db34000 JavaThread "Thread-0" [_thread_blocked, id=2724, stack(0x000000001e930000,0x000000001ea30000)]
  0x000000001c18f800 JavaThread "Service Thread" daemon [_thread_blocked, id=2368, stack(0x000000001df20000,0x000000001e020000)]
  0x000000001d74b000 JavaThread "C1 CompilerThread2" daemon [_thread_blocked, id=264, stack(0x000000001dc40000,0x000000001dd40000)]
  0x000000001d749800 JavaThread "C2 CompilerThread1" daemon [_thread_in_native, id=3900, stack(0x000000001d070000,0x000000001d170000)]
  0x000000001d742000 JavaThread "C2 CompilerThread0" daemon [_thread_in_native, id=3476, stack(0x000000001db40000,0x000000001dc40000)]
  0x000000001c189800 JavaThread "Attach Listener" daemon [_thread_blocked, id=3588, stack(0x000000001d2c0000,0x000000001d3c0000)]
  0x000000001c186000 JavaThread "Signal Dispatcher" daemon [_thread_blocked, id=3284, stack(0x000000001d540000,0x000000001d640000)]
  0x000000001c12a000 JavaThread "Finalizer" daemon [_thread_blocked, id=3412, stack(0x000000001d640000,0x000000001d740000)]
  0x000000001c123000 JavaThread "Reference Handler" daemon [_thread_blocked, id=5004, stack(0x000000001d420000,0x000000001d520000)]
=>0x000000000238f000 JavaThread "main" [_thread_in_native, id=2556, stack(0x0000000002530000,0x0000000002630000)]

Other Threads:
  0x000000001c11d800 VMThread [stack: 0x000000001d1b0000,0x000000001d2b0000] [id=2344]
  0x000000001d805000 WatcherThread [stack: 0x000000001e020000,0x000000001e120000] [id=4172]

VM state:not at safepoint (normal execution)

VM Mutex/Monitor currently owned by a thread: None

Heap:
 PSYoungGen      total 76288K, used 13124K [0x000000076b400000, 0x0000000770900000, 0x00000007c0000000)
  eden space 65536K, 20% used [0x000000076b400000,0x000000076c0d1018,0x000000076f400000)
  from space 10752K, 0% used [0x000000076fe80000,0x000000076fe80000,0x0000000770900000)
  to   space 10752K, 0% used [0x000000076f400000,0x000000076f400000,0x000000076fe80000)
 ParOldGen       total 175104K, used 0K [0x00000006c1c00000, 0x00000006cc700000, 0x000000076b400000)
  object space 175104K, 0% used [0x00000006c1c00000,0x00000006c1c00000,0x00000006cc700000)
 Metaspace       used 5749K, capacity 5978K, committed 6144K, reserved 1056768K
  class space    used 650K, capacity 743K, committed 768K, reserved 1048576K

Card table byte_map: [0x0000000011cc0000,0x00000000124c0000] byte_map_base: 0x000000000e6b2000

Marking Bits: (ParMarkBitMap*) 0x000000006ea7a5b0
 Begin Bits: [0x0000000013070000, 0x0000000017000000)
 End Bits:   [0x0000000017000000, 0x000000001af90000)

Polling page: 0x0000000000130000

CodeCache: size=245760Kb used=2163Kb max_used=2177Kb free=243596Kb
 bounds [0x0000000002900000, 0x0000000002b70000, 0x0000000011900000]
 total_blobs=824 nmethods=493 adapters=244
 compilation: enabled

Compilation events (10 events):
Event: 0.212 Thread 0x000000001d74b000  492       3       java.util.WeakHashMap::hash (28 bytes)
Event: 0.212 Thread 0x000000001d74b000 nmethod 492 0x0000000002b19b90 code [0x0000000002b19d00, 0x0000000002b19f48]
Event: 0.212 Thread 0x000000001d74b000  493   !   3       java.util.WeakHashMap::expungeStaleEntries (139 bytes)
Event: 0.212 Thread 0x000000001d74b000 nmethod 493 0x0000000002b1a010 code [0x0000000002b1a1e0, 0x0000000002b1ad08]
Event: 0.213 Thread 0x000000001d74b000  494       3       java.util.WeakHashMap::getTable (9 bytes)
Event: 0.213 Thread 0x000000001d74b000 nmethod 494 0x0000000002b1b310 code [0x0000000002b1b480, 0x0000000002b1b628]
Event: 0.215 Thread 0x000000001d74b000  495       3       java.lang.ref.WeakReference::<init> (7 bytes)
Event: 0.215 Thread 0x000000001d749800 nmethod 477 0x0000000002b1f1d0 code [0x0000000002b1f3e0, 0x0000000002b202b0]
Event: 0.215 Thread 0x000000001d74b000 nmethod 495 0x0000000002b1ecd0 code [0x0000000002b1ee40, 0x0000000002b1f0f0]
Event: 0.215 Thread 0x000000001d749800  479   !   4       sun.misc.URLClassPath$JarLoader::getResource (85 bytes)

GC Heap History (0 events):
No events

Deoptimization events (1 events):
Event: 0.080 Thread 0x000000000238f000 Uncommon trap: reason=unstable_if action=reinterpret pc=0x0000000002a26e08 method=java.lang.String.hashCode()I @ 14

Internal exceptions (10 events):
Event: 0.022 Thread 0x000000000238f000 Exception <a 'java/lang/NoSuchMethodError': Method sun.misc.Unsafe.prefetchRead(Ljava/lang/Object;J)V name or signature does not match> (0x000000076b410950) thrown at [C:\workspace\8-2-build-windows-amd64-cygwin\jdk8u65\4987\hotspot\src\share\vm\prims\jni.Üñ{½?
Event: 0.114 Thread 0x000000001db34000 Exception <a 'java/lang/NoSuchMethodError': java.lang.Object.lambda$static$0(Ljava/lang/String;)Ljava/lang/Boolean;> (0x000000076b9a1fe0) thrown at [C:\workspace\8-2-build-windows-amd64-cygwin\jdk8u65\4987\hotspot\src\share\vm\interpreter\linkResolver.cpp,á éI•ö¿?
Event: 0.125 Thread 0x000000001db34000 Exception <a 'java/lang/NoSuchFieldError': method resolution failed> (0x000000076ba19de8) thrown at [C:\workspace\8-2-build-windows-amd64-cygwin\jdk8u65\4987\hotspot\src\share\vm\prims\methodHandles.cpp, line 1146]
Event: 0.126 Thread 0x000000001db34000 Exception <a 'java/lang/NoSuchFieldError': method resolution failed> (0x000000076ba271e8) thrown at [C:\workspace\8-2-build-windows-amd64-cygwin\jdk8u65\4987\hotspot\src\share\vm\prims\methodHandles.cpp, line 1146]
Event: 0.168 Thread 0x000000001db34000 Exception <a 'java/security/PrivilegedActionException'> (0x000000076bca2a98) thrown at [C:\workspace\8-2-build-windows-amd64-cygwin\jdk8u65\4987\hotspot\src\share\vm\prims\jvm.cpp, line 1386]
Event: 0.168 Thread 0x000000001db34000 Exception <a 'java/security/PrivilegedActionException'> (0x000000076bca2ca8) thrown at [C:\workspace\8-2-build-windows-amd64-cygwin\jdk8u65\4987\hotspot\src\share\vm\prims\jvm.cpp, line 1386]
Event: 0.169 Thread 0x000000001db34000 Exception <a 'java/security/PrivilegedActionException'> (0x000000076bca6cd8) thrown at [C:\workspace\8-2-build-windows-amd64-cygwin\jdk8u65\4987\hotspot\src\share\vm\prims\jvm.cpp, line 1386]
Event: 0.169 Thread 0x000000001db34000 Exception <a 'java/security/PrivilegedActionException'> (0x000000076bca6ee8) thrown at [C:\workspace\8-2-build-windows-amd64-cygwin\jdk8u65\4987\hotspot\src\share\vm\prims\jvm.cpp, line 1386]
Event: 0.201 Thread 0x000000000238f000 Exception <a 'sun/nio/fs/WindowsException'> (0x000000076bb9deb0) thrown at [C:\workspace\8-2-build-windows-amd64-cygwin\jdk8u65\4987\hotspot\src\share\vm\prims\jni.cpp, line 709]
Event: 0.201 Thread 0x000000000238f000 Exception <a 'sun/nio/fs/WindowsException'> (0x000000076bb9e698) thrown at [C:\workspace\8-2-build-windows-amd64-cygwin\jdk8u65\4987\hotspot\src\share\vm\prims\jni.cpp, line 709]

Events (10 events):
Event: 0.208 loading class org/lwjgl/system/jemalloc/JEmalloc
Event: 0.208 loading class org/lwjgl/system/jemalloc/JEmalloc done
Event: 0.212 loading class org/lwjgl/system/windows/WinBase
Event: 0.212 loading class org/lwjgl/system/windows/WinBase done
Event: 0.214 loading class org/lwjgl/opengl/GL$1
Event: 0.214 loading class org/lwjgl/opengl/GL$1 done
Event: 0.214 loading class org/lwjgl/opengl/GL$SharedLibraryGL
Event: 0.214 loading class org/lwjgl/opengl/GL$SharedLibraryGL done
Event: 0.215 loading class org/lwjgl/system/SharedLibrary$Delegate
Event: 0.215 loading class org/lwjgl/system/SharedLibrary$Delegate done


Dynamic libraries:
0x000000013f850000 - 0x000000013f887000 	C:\Program Files\Java\jdk1.8.0_65\jre\bin\java.exe
0x0000000077250000 - 0x00000000773fa000 	C:\Windows\SYSTEM32\ntdll.dll
0x0000000077130000 - 0x000000007724f000 	C:\Windows\system32\kernel32.dll
0x000007fefd030000 - 0x000007fefd09a000 	C:\Windows\system32\KERNELBASE.dll
0x000007fefd810000 - 0x000007fefd8eb000 	C:\Windows\system32\ADVAPI32.dll
0x000007fefed20000 - 0x000007fefedbf000 	C:\Windows\system32\msvcrt.dll
0x000007fefdef0000 - 0x000007fefdf0f000 	C:\Windows\SYSTEM32\sechost.dll
0x000007fefedc0000 - 0x000007fefeeed000 	C:\Windows\system32\RPCRT4.dll
0x0000000077030000 - 0x000000007712a000 	C:\Windows\system32\USER32.dll
0x000007fefeef0000 - 0x000007fefef57000 	C:\Windows\system32\GDI32.dll
0x000007fefdee0000 - 0x000007fefdeee000 	C:\Windows\system32\LPK.dll
0x000007fefd640000 - 0x000007fefd70a000 	C:\Windows\system32\USP10.dll
0x000007fefabb0000 - 0x000007fefada4000 	C:\Windows\WinSxS\amd64_microsoft.windows.common-controls_6595b64144ccf1df_6.0.7601.18837_none_fa3b1e3d17594757\COMCTL32.dll
0x000007fefd3e0000 - 0x000007fefd451000 	C:\Windows\system32\SHLWAPI.dll
0x000007fefd940000 - 0x000007fefd96e000 	C:\Windows\system32\IMM32.DLL
0x000007fefef60000 - 0x000007feff069000 	C:\Windows\system32\MSCTF.dll
0x0000000072fb0000 - 0x0000000073082000 	C:\Program Files\Java\jdk1.8.0_65\jre\bin\msvcr100.dll
0x000000006e270000 - 0x000000006eaf9000 	C:\Program Files\Java\jdk1.8.0_65\jre\bin\server\jvm.dll
0x000007feebe50000 - 0x000007feebe59000 	C:\Windows\system32\WSOCK32.dll
0x000007fefd8f0000 - 0x000007fefd93d000 	C:\Windows\system32\WS2_32.dll
0x000007feff550000 - 0x000007feff558000 	C:\Windows\system32\NSI.dll
0x000007fefa330000 - 0x000007fefa36b000 	C:\Windows\system32\WINMM.dll
0x000007fefc020000 - 0x000007fefc02c000 	C:\Windows\system32\VERSION.dll
0x0000000077420000 - 0x0000000077427000 	C:\Windows\system32\PSAPI.DLL
0x0000000073bb0000 - 0x0000000073bbf000 	C:\Program Files\Java\jdk1.8.0_65\jre\bin\verify.dll
0x0000000073b80000 - 0x0000000073ba9000 	C:\Program Files\Java\jdk1.8.0_65\jre\bin\java.dll
0x0000000073b60000 - 0x0000000073b76000 	C:\Program Files\Java\jdk1.8.0_65\jre\bin\zip.dll
0x000007fefdf10000 - 0x000007fefec99000 	C:\Windows\system32\SHELL32.dll
0x000007feff340000 - 0x000007feff543000 	C:\Windows\system32\ole32.dll
0x000007fefcf80000 - 0x000007fefcf8f000 	C:\Windows\system32\profapi.dll
0x0000000073ab0000 - 0x0000000073aca000 	C:\Program Files\Java\jdk1.8.0_65\jre\bin\net.dll
0x000007fefc760000 - 0x000007fefc7b5000 	C:\Windows\system32\mswsock.dll
0x000007fefc750000 - 0x000007fefc757000 	C:\Windows\System32\wship6.dll
0x0000000073150000 - 0x0000000073161000 	C:\Program Files\Java\jdk1.8.0_65\jre\bin\nio.dll
0x000007fef96e0000 - 0x000007fef9737000 	C:\Users\Josev\AppData\Local\Temp\lwjglJosev\3.1.2-build-29\lwjgl.dll
0x000007feee330000 - 0x000007feee333000 	C:\Windows\system32\api-ms-win-core-synch-l1-2-0.DLL
0x000007fef9740000 - 0x000007fef979c000 	C:\Users\Josev\AppData\Local\Temp\lwjglJosev\3.1.2-build-29\lwjgl_opengl.dll
0x000007feec1c0000 - 0x000007feec2dd000 	C:\Windows\system32\opengl32.dll
0x000007feec190000 - 0x000007feec1bd000 	C:\Windows\system32\GLU32.dll
0x000007feec090000 - 0x000007feec181000 	C:\Windows\system32\DDRAW.dll
0x000007fef3390000 - 0x000007fef3398000 	C:\Windows\system32\DCIMAN32.dll
0x000007fefd460000 - 0x000007fefd637000 	C:\Windows\system32\SETUPAPI.dll
0x000007fefcfb0000 - 0x000007fefcfe6000 	C:\Windows\system32\CFGMGR32.dll
0x000007fefd710000 - 0x000007fefd7ea000 	C:\Windows\system32\OLEAUT32.dll
0x000007fefd2f0000 - 0x000007fefd30a000 	C:\Windows\system32\DEVOBJ.dll
0x000007fefab80000 - 0x000007fefab98000 	C:\Windows\system32\dwmapi.dll
0x000007fef8b00000 - 0x000007fef8c25000 	C:\Windows\system32\dbghelp.dll

VM Arguments:
jvm_args: -Dfile.encoding=UTF-8 
java_command: robotcalc.RobotCalc
java_class_path (initial): C:\Users\Josev\Documents\RobotCalc\libgl\lwjgl-assimp-javadoc.jar;C:\Users\Josev\Documents\RobotCalc\libgl\lwjgl-assimp-natives-windows.jar;C:\Users\Josev\Documents\RobotCalc\libgl\lwjgl-assimp-sources.jar;C:\Users\Josev\Documents\RobotCalc\libgl\lwjgl-assimp.jar;C:\Users\Josev\Documents\RobotCalc\libgl\lwjgl-bgfx-javadoc.jar;C:\Users\Josev\Documents\RobotCalc\libgl\lwjgl-bgfx-natives-windows.jar;C:\Users\Josev\Documents\RobotCalc\libgl\lwjgl-bgfx-sources.jar;C:\Users\Josev\Documents\RobotCalc\libgl\lwjgl-bgfx.jar;C:\Users\Josev\Documents\RobotCalc\libgl\lwjgl-egl-javadoc.jar;C:\Users\Josev\Documents\RobotCalc\libgl\lwjgl-egl-sources.jar;C:\Users\Josev\Documents\RobotCalc\libgl\lwjgl-egl.jar;C:\Users\Josev\Documents\RobotCalc\libgl\lwjgl-glfw-javadoc.jar;C:\Users\Josev\Documents\RobotCalc\libgl\lwjgl-glfw-natives-windows.jar;C:\Users\Josev\Documents\RobotCalc\libgl\lwjgl-glfw-sources.jar;C:\Users\Josev\Documents\RobotCalc\libgl\lwjgl-glfw.jar;C:\Users\Josev\Documents\RobotCalc\libgl\lwjgl-javadoc.jar;C:\Users\Josev\Documents\RobotCalc\libgl\lwjgl-jawt-javadoc.jar;C:\Users\Josev\Documents\RobotCalc\libgl\lwjgl-jawt-sources.jar;C:\Users\Josev\Documents\RobotCalc\libgl\lwjgl-jawt.jar;C:\Users\Josev\Documents\RobotCalc\libgl\lwjgl-jemalloc-javadoc.jar;C:\Users\Josev\Documents\RobotCalc\libgl\lwjgl-jemalloc-natives-windows.jar;C:\Users\Josev\Documents\RobotCalc\libgl\lwjgl-jemalloc-sources.jar;C:\Users\Josev\Documents\RobotCalc\libgl\lwjgl-jemalloc.jar;C:\Users\Josev\Documents\RobotCalc\libgl\lwjgl-lmdb-javadoc.jar;C:\Users\Josev\Documents\RobotCalc\libgl\lwjgl-lmdb-natives-windows.jar;C:\Users\Josev\Documents\RobotCalc\libgl\lwjgl-lmdb-sources.jar;C:\Users\Josev\Documents\RobotCalc\libgl\lwjgl-lmdb.jar;C:\Users\Josev\Documents\RobotCalc\libgl\lwjgl-nanovg-javadoc.jar;C:\Users\Josev\Documents\RobotCalc\libgl\lwjgl-nanovg-natives-windows.jar;C:\Users\Josev\Documents\RobotCalc\libgl\lwjgl-nanovg-sources.jar;C:\Users\Josev\Documents\RobotCalc\li
Launcher Type: SUN_STANDARD

Environment Variables:
JAVA_HOME=C:\Program Files\Java\jdk1.8.0_65
PATH=D:\RAD studio\bin;C:\Users\Public\Documents\Embarcadero\Studio\18.0\Bpl;D:\RAD studio\bin64;C:\Users\Public\Documents\Embarcadero\Studio\18.0\Bpl\Win64;C:\ProgramData\Oracle\Java\javapath;C:\Program Files (x86)\Intel\iCLS Client\;C:\Program Files\Intel\iCLS Client\;C:\Windows\system32;C:\Windows;C:\Windows\System32\Wbem;C:\Windows\System32\WindowsPowerShell\v1.0\;C:\Program Files\Intel\Intel(R) Management Engine Components\DAL;C:\Program Files\Intel\Intel(R) Management Engine Components\IPT;C:\Program Files (x86)\Intel\Intel(R) Management Engine Components\DAL;C:\Program Files (x86)\Intel\Intel(R) Management Engine Components\IPT;C:\Program Files (x86)\Common Files\Adobe\AGL;C:\Program Files\Microsoft\Web Platform Installer\;C:\Program Files (x86)\Microsoft ASP.NET\ASP.NET Web Pages\v1.0\;C:\Program Files\Microsoft SQL Server\110\Tools\Binn\;C:\Program Files (x86)\NVIDIA Corporation\PhysX\Common;C:\Program Files (x86)\Skype\Phone\;C:\Program Files (x86)\GtkSharp\2.12\bin;
USERNAME=Josev
OS=Windows_NT
PROCESSOR_IDENTIFIER=Intel64 Family 6 Model 60 Stepping 3, GenuineIntel



---------------  S Y S T E M  ---------------

OS: Windows 7 , 64 bit Build 7601 (6.1.7601.23543)

CPU:total 4 (4 cores per cpu, 1 threads per core) family 6 model 60 stepping 3, cmov, cx8, fxsr, mmx, sse, sse2, sse3, ssse3, sse4.1, sse4.2, popcnt, avx, avx2, aes, clmul, erms, lzcnt, tsc, tscinvbit, bmi1, bmi2

Memory: 4k page, physical 16662188k(12455148k free), swap 33322516k(28225832k free)

vm_info: Java HotSpot(TM) 64-Bit Server VM (25.65-b01) for windows-amd64 JRE (1.8.0_65-b17), built on Oct  6 2015 16:39:20 by "java_re" with MS VC++ 10.0 (VS2010)

time: Tue May 23 22:11:19 2017
elapsed time: 0 seconds (0d 0h 0m 0s)

