#
# A fatal error has been detected by the Java Runtime Environment:
#
#  EXCEPTION_ACCESS_VIOLATION (0xc0000005) at pc=0x000007fef974844d, pid=5832, tid=3728
#
# JRE version: Java(TM) SE Runtime Environment (8.0_65-b17) (build 1.8.0_65-b17)
# Java VM: Java HotSpot(TM) 64-Bit Server VM (25.65-b01 mixed mode windows-amd64 compressed oops)
# Problematic frame:
# C  [lwjgl_opengl.dll+0x844d]
#
# Failed to write core dump. Minidumps are not enabled by default on client versions of Windows
#
# If you would like to submit a bug report, please visit:
#   http://bugreport.java.com/bugreport/crash.jsp
# The crash happened outside the Java Virtual Machine in native code.
# See problematic frame for where to report the bug.
#

---------------  T H R E A D  ---------------

Current thread (0x000000000223f000):  JavaThread "main" [_thread_in_native, id=3728, stack(0x0000000002600000,0x0000000002700000)]

siginfo: ExceptionCode=0xc0000005, reading address 0x0000000000000f18

Registers:
RAX=0x000000006ea05d40, RBX=0x000000001bb018e8, RCX=0x0000000000000001, RDX=0x000000001e6af64c
RSP=0x00000000026ff528, RBP=0x00000000026ff5a8, RSI=0x000000001b6f0480, RDI=0x00000000029d7800
R8 =0x0000000000000001, R9 =0x000000001e6af64c, R10=0x0000000000000000, R11=0x000000006e499450
R12=0x0000000000000000, R13=0x000000001bb018e8, R14=0x00000000026ff5d8, R15=0x000000000223f000
RIP=0x000007fef974844d, EFLAGS=0x0000000000010206

Top of Stack: (sp=0x00000000026ff528)
0x00000000026ff528:   00000000029e5e34 00000000029d7800
0x00000000026ff538:   00000000029e5bab 000000000223f000
0x00000000026ff548:   000000001bb018e8 000000001b6f0480
0x00000000026ff558:   000000000223f000 00000000029e5b62
0x00000000026ff568:   00000000026ff568 000000001bb018e8
0x00000000026ff578:   00000000026ff5d8 000000001bb0d368
0x00000000026ff588:   0000000000000000 000000001bb018e8
0x00000000026ff598:   0000000000000000 00000000026ff5c8
0x00000000026ff5a8:   00000000026ff620 00000000029d7ced
0x00000000026ff5b8:   000000076b8ab530 00000000029df978
0x00000000026ff5c8:   000000001e6af64c 000000076bbaac18
0x00000000026ff5d8:   0000000000000001 00000000026ff5e0
0x00000000026ff5e8:   000000001bb01a3c 00000000026ff650
0x00000000026ff5f8:   000000001bb0d368 0000000000000000
0x00000000026ff608:   000000001bb01aa0 00000000026ff5c8
0x00000000026ff618:   00000000026ff658 00000000026ff698 

Instructions: (pc=0x000007fef974844d)
0x000007fef974842d:   49 ff a2 f0 09 00 00 cc cc cc cc cc cc cc cc cc
0x000007fef974843d:   cc cc cc 48 8b 01 49 8b d1 41 8b c8 4c 8b 50 18
0x000007fef974844d:   49 ff a2 18 0f 00 00 cc cc cc cc cc cc cc cc cc
0x000007fef974845d:   cc cc cc 48 8b 01 48 8b 48 18 48 8b 81 c0 1b 00 


Register to memory mapping:

RAX=0x000000006ea05d40 is an unknown value
RBX={method} {0x000000001bb018f0} 'nglGenVertexArrays' '(IJ)V' in 'org/lwjgl/opengl/GL30'
RCX=0x0000000000000001 is an unknown value
RDX=0x000000001e6af64c is an unknown value
RSP=0x00000000026ff528 is pointing into the stack for thread: 0x000000000223f000
RBP=0x00000000026ff5a8 is pointing into the stack for thread: 0x000000000223f000
RSI={method} {0x000000001b6f0488} '<init>' '()V' in 'java/lang/Object'
RDI=0x00000000029d7800 is at code_begin+832 in an Interpreter codelet
invoke return entry points  [0x00000000029d74c0, 0x00000000029d7dc0]  2304 bytes
R8 =0x0000000000000001 is an unknown value
R9 =0x000000001e6af64c is an unknown value
R10=0x0000000000000000 is an unknown value
R11=0x000000006e499450 is an unknown value
R12=0x0000000000000000 is an unknown value
R13={method} {0x000000001bb018f0} 'nglGenVertexArrays' '(IJ)V' in 'org/lwjgl/opengl/GL30'
R14=0x00000000026ff5d8 is pointing into the stack for thread: 0x000000000223f000
R15=0x000000000223f000 is a thread


Stack: [0x0000000002600000,0x0000000002700000],  sp=0x00000000026ff528,  free space=1021k
Native frames: (J=compiled Java code, j=interpreted, Vv=VM code, C=native code)
C  [lwjgl_opengl.dll+0x844d]

Java frames: (J=compiled Java code, j=interpreted, Vv=VM code)
j  org.lwjgl.opengl.GL30.nglGenVertexArrays(IJ)V+0
j  org.lwjgl.opengl.GL30.glGenVertexArrays()I+20
j  Viwer.Loader.createVao()I+0
j  Viwer.Loader.loadToVao([F)LViwer/Modelo;+1
j  Viwer.Display.addModel([F)V+9
j  robotcalc.RobotCalc.main([Ljava/lang/String;)V+16
v  ~StubRoutines::call_stub

---------------  P R O C E S S  ---------------

Java Threads: ( => current thread )
  0x000000001d854000 JavaThread "Thread-0" [_thread_in_native, id=1572, stack(0x000000001dc80000,0x000000001dd80000)]
  0x000000001d4e2800 JavaThread "Service Thread" daemon [_thread_blocked, id=4376, stack(0x000000001e130000,0x000000001e230000)]
  0x000000001d46a800 JavaThread "C1 CompilerThread2" daemon [_thread_blocked, id=4460, stack(0x000000001e020000,0x000000001e120000)]
  0x000000001d469000 JavaThread "C2 CompilerThread1" daemon [_thread_in_native, id=5856, stack(0x000000001ddb0000,0x000000001deb0000)]
  0x000000001d461800 JavaThread "C2 CompilerThread0" daemon [_thread_in_native, id=5272, stack(0x000000001d8b0000,0x000000001d9b0000)]
  0x000000001d460800 JavaThread "Attach Listener" daemon [_thread_blocked, id=3184, stack(0x000000001db60000,0x000000001dc60000)]
  0x000000001c0e4000 JavaThread "Signal Dispatcher" daemon [_thread_blocked, id=2560, stack(0x000000001da30000,0x000000001db30000)]
  0x000000001c08a000 JavaThread "Finalizer" daemon [_thread_blocked, id=4988, stack(0x000000001cfd0000,0x000000001d0d0000)]
  0x000000001c083000 JavaThread "Reference Handler" daemon [_thread_blocked, id=3524, stack(0x000000001d280000,0x000000001d380000)]
=>0x000000000223f000 JavaThread "main" [_thread_in_native, id=3728, stack(0x0000000002600000,0x0000000002700000)]

Other Threads:
  0x000000001c07d800 VMThread [stack: 0x000000001d110000,0x000000001d210000] [id=1524]
  0x000000001d514000 WatcherThread [stack: 0x000000001e270000,0x000000001e370000] [id=5676]

VM state:not at safepoint (normal execution)

VM Mutex/Monitor currently owned by a thread: None

Heap:
 PSYoungGen      total 76288K, used 11821K [0x000000076b400000, 0x0000000770900000, 0x00000007c0000000)
  eden space 65536K, 18% used [0x000000076b400000,0x000000076bf8b578,0x000000076f400000)
  from space 10752K, 0% used [0x000000076fe80000,0x000000076fe80000,0x0000000770900000)
  to   space 10752K, 0% used [0x000000076f400000,0x000000076f400000,0x000000076fe80000)
 ParOldGen       total 175104K, used 0K [0x00000006c1c00000, 0x00000006cc700000, 0x000000076b400000)
  object space 175104K, 0% used [0x00000006c1c00000,0x00000006c1c00000,0x00000006cc700000)
 Metaspace       used 5685K, capacity 5914K, committed 6144K, reserved 1056768K
  class space    used 649K, capacity 743K, committed 768K, reserved 1048576K

Card table byte_map: [0x0000000011d90000,0x0000000012590000] byte_map_base: 0x000000000e782000

Marking Bits: (ParMarkBitMap*) 0x000000006ea7a5b0
 Begin Bits: [0x0000000012fd0000, 0x0000000016f60000)
 End Bits:   [0x0000000016f60000, 0x000000001aef0000)

Polling page: 0x0000000000230000

CodeCache: size=245760Kb used=2059Kb max_used=2070Kb free=243700Kb
 bounds [0x00000000029d0000, 0x0000000002c40000, 0x00000000119d0000]
 total_blobs=791 nmethods=461 adapters=243
 compilation: enabled

Compilation events (10 events):
Event: 0.183 Thread 0x000000001d46a800  458       1       java.net.URLClassLoader::access$000 (5 bytes)
Event: 0.183 Thread 0x000000001d46a800 nmethod 458 0x0000000002bcff90 code [0x0000000002bd00e0, 0x0000000002bd01d0]
Event: 0.183 Thread 0x000000001d461800  456  s!   4       sun.misc.URLClassPath::getLoader (197 bytes)
Event: 0.183 Thread 0x000000001d46a800  459       3       java.io.InputStream::<init> (5 bytes)
Event: 0.183 Thread 0x000000001d46a800 nmethod 459 0x0000000002bcfb90 code [0x0000000002bcfd00, 0x0000000002bcfeb0]
Event: 0.183 Thread 0x000000001d46a800  460       3       java.lang.String::equalsIgnoreCase (48 bytes)
Event: 0.183 Thread 0x000000001d46a800 nmethod 460 0x0000000002bd22d0 code [0x0000000002bd2440, 0x0000000002bd27a8]
Event: 0.184 Thread 0x000000001d46a800  461       1       java.security.CodeSource::getLocation (5 bytes)
Event: 0.184 Thread 0x000000001d46a800 nmethod 461 0x0000000002bd28d0 code [0x0000000002bd2a20, 0x0000000002bd2b30]
Event: 0.184 Thread 0x000000001d469000  462       4       java.lang.StringBuilder::append (8 bytes)

GC Heap History (0 events):
No events

Deoptimization events (1 events):
Event: 0.081 Thread 0x000000000223f000 Uncommon trap: reason=unstable_if action=reinterpret pc=0x0000000002af6988 method=java.lang.String.hashCode()I @ 14

Internal exceptions (10 events):
Event: 0.022 Thread 0x000000000223f000 Exception <a 'java/lang/NoSuchMethodError': Method sun.misc.Unsafe.prefetchRead(Ljava/lang/Object;J)V name or signature does not match> (0x000000076b410a88) thrown at [C:\workspace\8-2-build-windows-amd64-cygwin\jdk8u65\4987\hotspot\src\share\vm\prims\jni.­ÞiªV^½?
Event: 0.115 Thread 0x000000001d854000 Exception <a 'java/lang/NoSuchMethodError': java.lang.Object.lambda$static$0(Ljava/lang/String;)Ljava/lang/Boolean;> (0x000000076b9e7bd8) thrown at [C:\workspace\8-2-build-windows-amd64-cygwin\jdk8u65\4987\hotspot\src\share\vm\interpreter\linkResolver.cpp,}9¿–Ê¿?
Event: 0.124 Thread 0x000000001d854000 Exception <a 'java/lang/NoSuchFieldError': method resolution failed> (0x000000076ba5f970) thrown at [C:\workspace\8-2-build-windows-amd64-cygwin\jdk8u65\4987\hotspot\src\share\vm\prims\methodHandles.cpp, line 1146]
Event: 0.125 Thread 0x000000001d854000 Exception <a 'java/lang/NoSuchFieldError': method resolution failed> (0x000000076bbb48b0) thrown at [C:\workspace\8-2-build-windows-amd64-cygwin\jdk8u65\4987\hotspot\src\share\vm\prims\methodHandles.cpp, line 1146]
Event: 0.150 Thread 0x000000001d854000 Exception <a 'java/security/PrivilegedActionException'> (0x000000076bce7868) thrown at [C:\workspace\8-2-build-windows-amd64-cygwin\jdk8u65\4987\hotspot\src\share\vm\prims\jvm.cpp, line 1386]
Event: 0.150 Thread 0x000000001d854000 Exception <a 'java/security/PrivilegedActionException'> (0x000000076bce7a78) thrown at [C:\workspace\8-2-build-windows-amd64-cygwin\jdk8u65\4987\hotspot\src\share\vm\prims\jvm.cpp, line 1386]
Event: 0.150 Thread 0x000000001d854000 Exception <a 'java/security/PrivilegedActionException'> (0x000000076bcebaa8) thrown at [C:\workspace\8-2-build-windows-amd64-cygwin\jdk8u65\4987\hotspot\src\share\vm\prims\jvm.cpp, line 1386]
Event: 0.150 Thread 0x000000001d854000 Exception <a 'java/security/PrivilegedActionException'> (0x000000076bcebcb8) thrown at [C:\workspace\8-2-build-windows-amd64-cygwin\jdk8u65\4987\hotspot\src\share\vm\prims\jvm.cpp, line 1386]
Event: 0.181 Thread 0x000000000223f000 Exception <a 'sun/nio/fs/WindowsException'> (0x000000076bb56d68) thrown at [C:\workspace\8-2-build-windows-amd64-cygwin\jdk8u65\4987\hotspot\src\share\vm\prims\jni.cpp, line 709]
Event: 0.181 Thread 0x000000000223f000 Exception <a 'sun/nio/fs/WindowsException'> (0x000000076bb57550) thrown at [C:\workspace\8-2-build-windows-amd64-cygwin\jdk8u65\4987\hotspot\src\share\vm\prims\jni.cpp, line 709]

Events (10 events):
Event: 0.185 loading class org/lwjgl/system/MemoryUtil$LazyInit
Event: 0.185 loading class org/lwjgl/system/MemoryUtil$LazyInit done
Event: 0.185 loading class org/lwjgl/opengl/GL$SharedLibraryGL
Event: 0.185 loading class org/lwjgl/opengl/GL$SharedLibraryGL done
Event: 0.185 loading class org/lwjgl/system/MemoryUtil$MemoryAllocator
Event: 0.185 loading class org/lwjgl/system/MemoryUtil$MemoryAllocator done
Event: 0.186 loading class org/lwjgl/system/SharedLibrary$Delegate
Event: 0.186 loading class org/lwjgl/system/SharedLibrary$Delegate done
Event: 0.186 loading class org/lwjgl/system/MemoryManage
Event: 0.186 loading class org/lwjgl/system/MemoryManage done


Dynamic libraries:
0x000000013f3b0000 - 0x000000013f3e7000 	C:\Program Files\Java\jdk1.8.0_65\jre\bin\java.exe
0x0000000077250000 - 0x00000000773fa000 	C:\Windows\SYSTEM32\ntdll.dll
0x0000000077130000 - 0x000000007724f000 	C:\Windows\system32\kernel32.dll
0x000007fefd030000 - 0x000007fefd09a000 	C:\Windows\system32\KERNELBASE.dll
0x000007fefd810000 - 0x000007fefd8eb000 	C:\Windows\system32\ADVAPI32.dll
0x000007fefed20000 - 0x000007fefedbf000 	C:\Windows\system32\msvcrt.dll
0x000007fefdef0000 - 0x000007fefdf0f000 	C:\Windows\SYSTEM32\sechost.dll
0x000007fefedc0000 - 0x000007fefeeed000 	C:\Windows\system32\RPCRT4.dll
0x0000000077030000 - 0x000000007712a000 	C:\Windows\system32\USER32.dll
0x000007fefeef0000 - 0x000007fefef57000 	C:\Windows\system32\GDI32.dll
0x000007fefdee0000 - 0x000007fefdeee000 	C:\Windows\system32\LPK.dll
0x000007fefd640000 - 0x000007fefd70a000 	C:\Windows\system32\USP10.dll
0x000007fefabb0000 - 0x000007fefada4000 	C:\Windows\WinSxS\amd64_microsoft.windows.common-controls_6595b64144ccf1df_6.0.7601.18837_none_fa3b1e3d17594757\COMCTL32.dll
0x000007fefd3e0000 - 0x000007fefd451000 	C:\Windows\system32\SHLWAPI.dll
0x000007fefd940000 - 0x000007fefd96e000 	C:\Windows\system32\IMM32.DLL
0x000007fefef60000 - 0x000007feff069000 	C:\Windows\system32\MSCTF.dll
0x0000000072fb0000 - 0x0000000073082000 	C:\Program Files\Java\jdk1.8.0_65\jre\bin\msvcr100.dll
0x000000006e270000 - 0x000000006eaf9000 	C:\Program Files\Java\jdk1.8.0_65\jre\bin\server\jvm.dll
0x000007feebe50000 - 0x000007feebe59000 	C:\Windows\system32\WSOCK32.dll
0x000007fefd8f0000 - 0x000007fefd93d000 	C:\Windows\system32\WS2_32.dll
0x000007feff550000 - 0x000007feff558000 	C:\Windows\system32\NSI.dll
0x000007fefa330000 - 0x000007fefa36b000 	C:\Windows\system32\WINMM.dll
0x000007fefc020000 - 0x000007fefc02c000 	C:\Windows\system32\VERSION.dll
0x0000000077420000 - 0x0000000077427000 	C:\Windows\system32\PSAPI.DLL
0x0000000073bb0000 - 0x0000000073bbf000 	C:\Program Files\Java\jdk1.8.0_65\jre\bin\verify.dll
0x0000000073b80000 - 0x0000000073ba9000 	C:\Program Files\Java\jdk1.8.0_65\jre\bin\java.dll
0x0000000073b60000 - 0x0000000073b76000 	C:\Program Files\Java\jdk1.8.0_65\jre\bin\zip.dll
0x000007fefdf10000 - 0x000007fefec99000 	C:\Windows\system32\SHELL32.dll
0x000007feff340000 - 0x000007feff543000 	C:\Windows\system32\ole32.dll
0x000007fefcf80000 - 0x000007fefcf8f000 	C:\Windows\system32\profapi.dll
0x0000000073ab0000 - 0x0000000073aca000 	C:\Program Files\Java\jdk1.8.0_65\jre\bin\net.dll
0x000007fefc760000 - 0x000007fefc7b5000 	C:\Windows\system32\mswsock.dll
0x000007fefc750000 - 0x000007fefc757000 	C:\Windows\System32\wship6.dll
0x0000000073150000 - 0x0000000073161000 	C:\Program Files\Java\jdk1.8.0_65\jre\bin\nio.dll
0x000007fef96e0000 - 0x000007fef9737000 	C:\Users\Josev\AppData\Local\Temp\lwjglJosev\3.1.2-build-29\lwjgl.dll
0x000007feee330000 - 0x000007feee333000 	C:\Windows\system32\api-ms-win-core-synch-l1-2-0.DLL
0x000007fef9740000 - 0x000007fef979c000 	C:\Users\Josev\AppData\Local\Temp\lwjglJosev\3.1.2-build-29\lwjgl_opengl.dll
0x000007feec1c0000 - 0x000007feec2dd000 	C:\Windows\system32\opengl32.dll
0x000007feec190000 - 0x000007feec1bd000 	C:\Windows\system32\GLU32.dll
0x000007feec090000 - 0x000007feec181000 	C:\Windows\system32\DDRAW.dll
0x000007fef3390000 - 0x000007fef3398000 	C:\Windows\system32\DCIMAN32.dll
0x000007fefd460000 - 0x000007fefd637000 	C:\Windows\system32\SETUPAPI.dll
0x000007fefcfb0000 - 0x000007fefcfe6000 	C:\Windows\system32\CFGMGR32.dll
0x000007fefd710000 - 0x000007fefd7ea000 	C:\Windows\system32\OLEAUT32.dll
0x000007fefd2f0000 - 0x000007fefd30a000 	C:\Windows\system32\DEVOBJ.dll
0x000007fefab80000 - 0x000007fefab98000 	C:\Windows\system32\dwmapi.dll
0x000007fef8b00000 - 0x000007fef8c25000 	C:\Windows\system32\dbghelp.dll

VM Arguments:
jvm_args: -Dfile.encoding=UTF-8 
java_command: robotcalc.RobotCalc
java_class_path (initial): C:\Users\Josev\Documents\RobotCalc\libgl\lwjgl-assimp-javadoc.jar;C:\Users\Josev\Documents\RobotCalc\libgl\lwjgl-assimp-natives-windows.jar;C:\Users\Josev\Documents\RobotCalc\libgl\lwjgl-assimp-sources.jar;C:\Users\Josev\Documents\RobotCalc\libgl\lwjgl-assimp.jar;C:\Users\Josev\Documents\RobotCalc\libgl\lwjgl-bgfx-javadoc.jar;C:\Users\Josev\Documents\RobotCalc\libgl\lwjgl-bgfx-natives-windows.jar;C:\Users\Josev\Documents\RobotCalc\libgl\lwjgl-bgfx-sources.jar;C:\Users\Josev\Documents\RobotCalc\libgl\lwjgl-bgfx.jar;C:\Users\Josev\Documents\RobotCalc\libgl\lwjgl-egl-javadoc.jar;C:\Users\Josev\Documents\RobotCalc\libgl\lwjgl-egl-sources.jar;C:\Users\Josev\Documents\RobotCalc\libgl\lwjgl-egl.jar;C:\Users\Josev\Documents\RobotCalc\libgl\lwjgl-glfw-javadoc.jar;C:\Users\Josev\Documents\RobotCalc\libgl\lwjgl-glfw-natives-windows.jar;C:\Users\Josev\Documents\RobotCalc\libgl\lwjgl-glfw-sources.jar;C:\Users\Josev\Documents\RobotCalc\libgl\lwjgl-glfw.jar;C:\Users\Josev\Documents\RobotCalc\libgl\lwjgl-javadoc.jar;C:\Users\Josev\Documents\RobotCalc\libgl\lwjgl-jawt-javadoc.jar;C:\Users\Josev\Documents\RobotCalc\libgl\lwjgl-jawt-sources.jar;C:\Users\Josev\Documents\RobotCalc\libgl\lwjgl-jawt.jar;C:\Users\Josev\Documents\RobotCalc\libgl\lwjgl-jemalloc-javadoc.jar;C:\Users\Josev\Documents\RobotCalc\libgl\lwjgl-jemalloc-natives-windows.jar;C:\Users\Josev\Documents\RobotCalc\libgl\lwjgl-jemalloc-sources.jar;C:\Users\Josev\Documents\RobotCalc\libgl\lwjgl-jemalloc.jar;C:\Users\Josev\Documents\RobotCalc\libgl\lwjgl-lmdb-javadoc.jar;C:\Users\Josev\Documents\RobotCalc\libgl\lwjgl-lmdb-natives-windows.jar;C:\Users\Josev\Documents\RobotCalc\libgl\lwjgl-lmdb-sources.jar;C:\Users\Josev\Documents\RobotCalc\libgl\lwjgl-lmdb.jar;C:\Users\Josev\Documents\RobotCalc\libgl\lwjgl-nanovg-javadoc.jar;C:\Users\Josev\Documents\RobotCalc\libgl\lwjgl-nanovg-natives-windows.jar;C:\Users\Josev\Documents\RobotCalc\libgl\lwjgl-nanovg-sources.jar;C:\Users\Josev\Documents\RobotCalc\li
Launcher Type: SUN_STANDARD

Environment Variables:
JAVA_HOME=C:\Program Files\Java\jdk1.8.0_65
PATH=D:\RAD studio\bin;C:\Users\Public\Documents\Embarcadero\Studio\18.0\Bpl;D:\RAD studio\bin64;C:\Users\Public\Documents\Embarcadero\Studio\18.0\Bpl\Win64;C:\ProgramData\Oracle\Java\javapath;C:\Program Files (x86)\Intel\iCLS Client\;C:\Program Files\Intel\iCLS Client\;C:\Windows\system32;C:\Windows;C:\Windows\System32\Wbem;C:\Windows\System32\WindowsPowerShell\v1.0\;C:\Program Files\Intel\Intel(R) Management Engine Components\DAL;C:\Program Files\Intel\Intel(R) Management Engine Components\IPT;C:\Program Files (x86)\Intel\Intel(R) Management Engine Components\DAL;C:\Program Files (x86)\Intel\Intel(R) Management Engine Components\IPT;C:\Program Files (x86)\Common Files\Adobe\AGL;C:\Program Files\Microsoft\Web Platform Installer\;C:\Program Files (x86)\Microsoft ASP.NET\ASP.NET Web Pages\v1.0\;C:\Program Files\Microsoft SQL Server\110\Tools\Binn\;C:\Program Files (x86)\NVIDIA Corporation\PhysX\Common;C:\Program Files (x86)\Skype\Phone\;C:\Program Files (x86)\GtkSharp\2.12\bin;
USERNAME=Josev
OS=Windows_NT
PROCESSOR_IDENTIFIER=Intel64 Family 6 Model 60 Stepping 3, GenuineIntel



---------------  S Y S T E M  ---------------

OS: Windows 7 , 64 bit Build 7601 (6.1.7601.23543)

CPU:total 4 (4 cores per cpu, 1 threads per core) family 6 model 60 stepping 3, cmov, cx8, fxsr, mmx, sse, sse2, sse3, ssse3, sse4.1, sse4.2, popcnt, avx, avx2, aes, clmul, erms, lzcnt, tsc, tscinvbit, bmi1, bmi2

Memory: 4k page, physical 16662188k(12454940k free), swap 33322516k(28220372k free)

vm_info: Java HotSpot(TM) 64-Bit Server VM (25.65-b01) for windows-amd64 JRE (1.8.0_65-b17), built on Oct  6 2015 16:39:20 by "java_re" with MS VC++ 10.0 (VS2010)

time: Tue May 23 22:10:52 2017
elapsed time: 0 seconds (0d 0h 0m 0s)

