#
# A fatal error has been detected by the Java Runtime Environment:
#
#  EXCEPTION_ACCESS_VIOLATION (0xc0000005) at pc=0x000007fef96c844d, pid=940, tid=2072
#
# JRE version: Java(TM) SE Runtime Environment (8.0_65-b17) (build 1.8.0_65-b17)
# Java VM: Java HotSpot(TM) 64-Bit Server VM (25.65-b01 mixed mode windows-amd64 compressed oops)
# Problematic frame:
# C  [lwjgl_opengl.dll+0x844d]
#
# Failed to write core dump. Minidumps are not enabled by default on client versions of Windows
#
# If you would like to submit a bug report, please visit:
#   http://bugreport.java.com/bugreport/crash.jsp
# The crash happened outside the Java Virtual Machine in native code.
# See problematic frame for where to report the bug.
#

---------------  T H R E A D  ---------------

Current thread (0x000000000228f000):  JavaThread "main" [_thread_in_native, id=2072, stack(0x00000000026b0000,0x00000000027b0000)]

siginfo: ExceptionCode=0xc0000005, reading address 0x0000000000000f18

Registers:
RAX=0x000000006ea05d40, RBX=0x000000001bbe12b0, RCX=0x0000000000000001, RDX=0x000000001e64cf6c
RSP=0x00000000027af438, RBP=0x00000000027af4c0, RSI=0x0000000000000188, RDI=0x0000000002a87800
R8 =0x0000000000000001, R9 =0x000000001e64cf6c, R10=0x0000000000000000, R11=0x000000006e499450
R12=0x0000000000000000, R13=0x000000001bbe12b0, R14=0x00000000027af4f0, R15=0x000000000228f000
RIP=0x000007fef96c844d, EFLAGS=0x0000000000010206

Top of Stack: (sp=0x00000000027af438)
0x00000000027af438:   0000000002a95e34 0000000002a87800
0x00000000027af448:   0000000002a95b9d 000000000228f000
0x00000000027af458:   000000001bbe12b0 0000000000000188
0x00000000027af468:   000000000228f000 00000000027af568
0x00000000027af478:   0000000002a95b62 00000000027af480
0x00000000027af488:   000000001bbe12b0 00000000027af4f0
0x00000000027af498:   000000001bbe9678 0000000000000000
0x00000000027af4a8:   000000001bbe12b0 0000000000000000
0x00000000027af4b8:   00000000027af4e0 00000000027af538
0x00000000027af4c8:   0000000002a87ced 000000076b8ab7f0
0x00000000027af4d8:   0000000002a8f978 000000001e64cf6c
0x00000000027af4e8:   000000076bdce510 0000000000000001
0x00000000027af4f8:   00000000027af4f8 000000001bbe1404
0x00000000027af508:   00000000027af568 000000001bbe9678
0x00000000027af518:   0000000000000000 000000001bbe1468
0x00000000027af528:   00000000027af4e0 00000000027af570 

Instructions: (pc=0x000007fef96c844d)
0x000007fef96c842d:   49 ff a2 f0 09 00 00 cc cc cc cc cc cc cc cc cc
0x000007fef96c843d:   cc cc cc 48 8b 01 49 8b d1 41 8b c8 4c 8b 50 18
0x000007fef96c844d:   49 ff a2 18 0f 00 00 cc cc cc cc cc cc cc cc cc
0x000007fef96c845d:   cc cc cc 48 8b 01 48 8b 48 18 48 8b 81 c0 1b 00 


Register to memory mapping:

RAX=0x000000006ea05d40 is an unknown value
RBX={method} {0x000000001bbe12b8} 'nglGenVertexArrays' '(IJ)V' in 'org/lwjgl/opengl/GL30'
RCX=0x0000000000000001 is an unknown value
RDX=0x000000001e64cf6c is an unknown value
RSP=0x00000000027af438 is pointing into the stack for thread: 0x000000000228f000
RBP=0x00000000027af4c0 is pointing into the stack for thread: 0x000000000228f000
RSI=0x0000000000000188 is an unknown value
RDI=0x0000000002a87800 is at code_begin+832 in an Interpreter codelet
invoke return entry points  [0x0000000002a874c0, 0x0000000002a87dc0]  2304 bytes
R8 =0x0000000000000001 is an unknown value
R9 =0x000000001e64cf6c is an unknown value
R10=0x0000000000000000 is an unknown value
R11=0x000000006e499450 is an unknown value
R12=0x0000000000000000 is an unknown value
R13={method} {0x000000001bbe12b8} 'nglGenVertexArrays' '(IJ)V' in 'org/lwjgl/opengl/GL30'
R14=0x00000000027af4f0 is pointing into the stack for thread: 0x000000000228f000
R15=0x000000000228f000 is a thread


Stack: [0x00000000026b0000,0x00000000027b0000],  sp=0x00000000027af438,  free space=1021k
Native frames: (J=compiled Java code, j=interpreted, Vv=VM code, C=native code)
C  [lwjgl_opengl.dll+0x844d]

Java frames: (J=compiled Java code, j=interpreted, Vv=VM code)
j  org.lwjgl.opengl.GL30.nglGenVertexArrays(IJ)V+0
j  org.lwjgl.opengl.GL30.glGenVertexArrays()I+20
j  Viwer.Loader.createVao()I+8
j  Viwer.Loader.loadToVao([F)LViwer/Modelo;+1
j  Viwer.Display.<init>(IILjava/lang/String;)V+174
j  Viwer.Display.createDisplay(IILjava/lang/String;)LViwer/Display;+7
j  robotcalc.RobotCalc.main([Ljava/lang/String;)V+8
v  ~StubRoutines::call_stub

---------------  P R O C E S S  ---------------

Java Threads: ( => current thread )
  0x000000001c1cf000 JavaThread "Service Thread" daemon [_thread_blocked, id=4128, stack(0x000000001e220000,0x000000001e320000)]
  0x000000001d6ba000 JavaThread "C1 CompilerThread2" daemon [_thread_blocked, id=4356, stack(0x000000001dea0000,0x000000001dfa0000)]
  0x000000001d6b6000 JavaThread "C2 CompilerThread1" daemon [_thread_blocked, id=3524, stack(0x000000001dfc0000,0x000000001e0c0000)]
  0x000000001d6b2800 JavaThread "C2 CompilerThread0" daemon [_thread_blocked, id=5868, stack(0x000000001dd40000,0x000000001de40000)]
  0x000000001c1c9800 JavaThread "Attach Listener" daemon [_thread_blocked, id=3500, stack(0x000000001dbe0000,0x000000001dce0000)]
  0x000000001c1c7800 JavaThread "Signal Dispatcher" daemon [_thread_blocked, id=5924, stack(0x000000001d4a0000,0x000000001d5a0000)]
  0x000000001c16d800 JavaThread "Finalizer" daemon [_thread_blocked, id=4956, stack(0x000000001d5b0000,0x000000001d6b0000)]
  0x000000001c166800 JavaThread "Reference Handler" daemon [_thread_blocked, id=4636, stack(0x000000001d330000,0x000000001d430000)]
=>0x000000000228f000 JavaThread "main" [_thread_in_native, id=2072, stack(0x00000000026b0000,0x00000000027b0000)]

Other Threads:
  0x000000001c15d800 VMThread [stack: 0x000000001d1e0000,0x000000001d2e0000] [id=4196]
  0x000000001d766800 WatcherThread [stack: 0x000000001dad0000,0x000000001dbd0000] [id=2324]

VM state:not at safepoint (normal execution)

VM Mutex/Monitor currently owned by a thread: None

Heap:
 PSYoungGen      total 76288K, used 10503K [0x000000076b400000, 0x0000000770900000, 0x00000007c0000000)
  eden space 65536K, 16% used [0x000000076b400000,0x000000076be41c40,0x000000076f400000)
  from space 10752K, 0% used [0x000000076fe80000,0x000000076fe80000,0x0000000770900000)
  to   space 10752K, 0% used [0x000000076f400000,0x000000076f400000,0x000000076fe80000)
 ParOldGen       total 175104K, used 0K [0x00000006c1c00000, 0x00000006cc700000, 0x000000076b400000)
  object space 175104K, 0% used [0x00000006c1c00000,0x00000006c1c00000,0x00000006cc700000)
 Metaspace       used 5636K, capacity 5942K, committed 6144K, reserved 1056768K
  class space    used 634K, capacity 709K, committed 768K, reserved 1048576K

Card table byte_map: [0x0000000011e40000,0x0000000012640000] byte_map_base: 0x000000000e832000

Marking Bits: (ParMarkBitMap*) 0x000000006ea7a5b0
 Begin Bits: [0x00000000130b0000, 0x0000000017040000)
 End Bits:   [0x0000000017040000, 0x000000001afd0000)

Polling page: 0x0000000000140000

CodeCache: size=245760Kb used=2122Kb max_used=2126Kb free=243637Kb
 bounds [0x0000000002a80000, 0x0000000002cf0000, 0x0000000011a80000]
 total_blobs=799 nmethods=472 adapters=240
 compilation: enabled

Compilation events (10 events):
Event: 0.207 Thread 0x000000001d6ba000 nmethod 467 0x0000000002c92250 code [0x0000000002c923c0, 0x0000000002c92630]
Event: 0.207 Thread 0x000000001d6b6000 nmethod 463 0x0000000002c919d0 code [0x0000000002c91b20, 0x0000000002c91ef8]
Event: 0.210 Thread 0x000000001d6ba000  469       3       java.lang.ref.Finalizer::register (10 bytes)
Event: 0.210 Thread 0x000000001d6ba000 nmethod 469 0x0000000002c91250 code [0x0000000002c913e0, 0x0000000002c91808]
Event: 0.210 Thread 0x000000001d6ba000  470       3       java.lang.ref.Finalizer::<init> (23 bytes)
Event: 0.210 Thread 0x000000001d6ba000 nmethod 470 0x0000000002c95090 code [0x0000000002c95220, 0x0000000002c955a8]
Event: 0.210 Thread 0x000000001d6ba000  471       3       java.lang.ref.FinalReference::<init> (7 bytes)
Event: 0.211 Thread 0x000000001d6ba000 nmethod 471 0x0000000002c94b90 code [0x0000000002c94d00, 0x0000000002c94fb0]
Event: 0.211 Thread 0x000000001d6ba000  472   !   3       java.lang.ref.Finalizer::add (41 bytes)
Event: 0.211 Thread 0x000000001d6ba000 nmethod 472 0x0000000002c94550 code [0x0000000002c946c0, 0x0000000002c94a70]

GC Heap History (0 events):
No events

Deoptimization events (1 events):
Event: 0.082 Thread 0x000000000228f000 Uncommon trap: reason=unstable_if action=reinterpret pc=0x0000000002b9f408 method=java.lang.String.hashCode()I @ 14

Internal exceptions (10 events):
Event: 0.022 Thread 0x000000000228f000 Exception <a 'java/lang/NoSuchMethodError': Method sun.misc.Unsafe.prefetchRead(Ljava/lang/Object;J)V name or signature does not match> (0x000000076b410a88) thrown at [C:\workspace\8-2-build-windows-amd64-cygwin\jdk8u65\4987\hotspot\src\share\vm\prims\jni.K;h(Õ…À?
Event: 0.129 Thread 0x000000000228f000 Exception <a 'java/lang/NoSuchFieldError': method resolution failed> (0x000000076ba19a78) thrown at [C:\workspace\8-2-build-windows-amd64-cygwin\jdk8u65\4987\hotspot\src\share\vm\prims\methodHandles.cpp, line 1146]
Event: 0.130 Thread 0x000000000228f000 Exception <a 'java/lang/NoSuchFieldError': method resolution failed> (0x000000076ba27150) thrown at [C:\workspace\8-2-build-windows-amd64-cygwin\jdk8u65\4987\hotspot\src\share\vm\prims\methodHandles.cpp, line 1146]
Event: 0.159 Thread 0x000000000228f000 Exception <a 'java/lang/NoSuchMethodError': java.lang.Object.lambda$static$0(Ljava/lang/String;)Ljava/lang/Boolean;> (0x000000076bb73100) thrown at [C:\workspace\8-2-build-windows-amd64-cygwin\jdk8u65\4987\hotspot\src\share\vm\interpreter\linkResolver.cpp,pe††BCÅ?
Event: 0.166 Thread 0x000000000228f000 Exception <a 'java/security/PrivilegedActionException'> (0x000000076bbb9318) thrown at [C:\workspace\8-2-build-windows-amd64-cygwin\jdk8u65\4987\hotspot\src\share\vm\prims\jvm.cpp, line 1386]
Event: 0.166 Thread 0x000000000228f000 Exception <a 'java/security/PrivilegedActionException'> (0x000000076bbb9528) thrown at [C:\workspace\8-2-build-windows-amd64-cygwin\jdk8u65\4987\hotspot\src\share\vm\prims\jvm.cpp, line 1386]
Event: 0.167 Thread 0x000000000228f000 Exception <a 'java/security/PrivilegedActionException'> (0x000000076bbbd370) thrown at [C:\workspace\8-2-build-windows-amd64-cygwin\jdk8u65\4987\hotspot\src\share\vm\prims\jvm.cpp, line 1386]
Event: 0.167 Thread 0x000000000228f000 Exception <a 'java/security/PrivilegedActionException'> (0x000000076bbbd580) thrown at [C:\workspace\8-2-build-windows-amd64-cygwin\jdk8u65\4987\hotspot\src\share\vm\prims\jvm.cpp, line 1386]
Event: 0.199 Thread 0x000000000228f000 Exception <a 'sun/nio/fs/WindowsException'> (0x000000076bc9bbc8) thrown at [C:\workspace\8-2-build-windows-amd64-cygwin\jdk8u65\4987\hotspot\src\share\vm\prims\jni.cpp, line 709]
Event: 0.199 Thread 0x000000000228f000 Exception <a 'sun/nio/fs/WindowsException'> (0x000000076bc9c3b0) thrown at [C:\workspace\8-2-build-windows-amd64-cygwin\jdk8u65\4987\hotspot\src\share\vm\prims\jni.cpp, line 709]

Events (10 events):
Event: 0.207 loading class org/lwjgl/system/jni/JNINativeInterface
Event: 0.207 loading class org/lwjgl/system/jni/JNINativeInterface done
Event: 0.208 loading class org/lwjgl/system/windows/WinBase
Event: 0.208 loading class org/lwjgl/system/windows/WinBase done
Event: 0.210 loading class org/lwjgl/opengl/GL$1
Event: 0.210 loading class org/lwjgl/opengl/GL$1 done
Event: 0.210 loading class org/lwjgl/opengl/GL$SharedLibraryGL
Event: 0.210 loading class org/lwjgl/opengl/GL$SharedLibraryGL done
Event: 0.210 loading class org/lwjgl/system/SharedLibrary$Delegate
Event: 0.210 loading class org/lwjgl/system/SharedLibrary$Delegate done


Dynamic libraries:
0x000000013fd40000 - 0x000000013fd77000 	C:\Program Files\Java\jdk1.8.0_65\jre\bin\java.exe
0x0000000077250000 - 0x00000000773fa000 	C:\Windows\SYSTEM32\ntdll.dll
0x0000000077130000 - 0x000000007724f000 	C:\Windows\system32\kernel32.dll
0x000007fefd030000 - 0x000007fefd09a000 	C:\Windows\system32\KERNELBASE.dll
0x000007fefd810000 - 0x000007fefd8eb000 	C:\Windows\system32\ADVAPI32.dll
0x000007fefed20000 - 0x000007fefedbf000 	C:\Windows\system32\msvcrt.dll
0x000007fefdef0000 - 0x000007fefdf0f000 	C:\Windows\SYSTEM32\sechost.dll
0x000007fefedc0000 - 0x000007fefeeed000 	C:\Windows\system32\RPCRT4.dll
0x0000000077030000 - 0x000000007712a000 	C:\Windows\system32\USER32.dll
0x000007fefeef0000 - 0x000007fefef57000 	C:\Windows\system32\GDI32.dll
0x000007fefdee0000 - 0x000007fefdeee000 	C:\Windows\system32\LPK.dll
0x000007fefd640000 - 0x000007fefd70a000 	C:\Windows\system32\USP10.dll
0x000007fefabb0000 - 0x000007fefada4000 	C:\Windows\WinSxS\amd64_microsoft.windows.common-controls_6595b64144ccf1df_6.0.7601.18837_none_fa3b1e3d17594757\COMCTL32.dll
0x000007fefd3e0000 - 0x000007fefd451000 	C:\Windows\system32\SHLWAPI.dll
0x000007fefd940000 - 0x000007fefd96e000 	C:\Windows\system32\IMM32.DLL
0x000007fefef60000 - 0x000007feff069000 	C:\Windows\system32\MSCTF.dll
0x0000000072fb0000 - 0x0000000073082000 	C:\Program Files\Java\jdk1.8.0_65\jre\bin\msvcr100.dll
0x000000006e270000 - 0x000000006eaf9000 	C:\Program Files\Java\jdk1.8.0_65\jre\bin\server\jvm.dll
0x000007feebe50000 - 0x000007feebe59000 	C:\Windows\system32\WSOCK32.dll
0x000007fefd8f0000 - 0x000007fefd93d000 	C:\Windows\system32\WS2_32.dll
0x000007feff550000 - 0x000007feff558000 	C:\Windows\system32\NSI.dll
0x000007fefa330000 - 0x000007fefa36b000 	C:\Windows\system32\WINMM.dll
0x000007fefc020000 - 0x000007fefc02c000 	C:\Windows\system32\VERSION.dll
0x0000000077420000 - 0x0000000077427000 	C:\Windows\system32\PSAPI.DLL
0x0000000073bb0000 - 0x0000000073bbf000 	C:\Program Files\Java\jdk1.8.0_65\jre\bin\verify.dll
0x0000000073b80000 - 0x0000000073ba9000 	C:\Program Files\Java\jdk1.8.0_65\jre\bin\java.dll
0x0000000073b60000 - 0x0000000073b76000 	C:\Program Files\Java\jdk1.8.0_65\jre\bin\zip.dll
0x000007fefdf10000 - 0x000007fefec99000 	C:\Windows\system32\SHELL32.dll
0x000007feff340000 - 0x000007feff543000 	C:\Windows\system32\ole32.dll
0x000007fefcf80000 - 0x000007fefcf8f000 	C:\Windows\system32\profapi.dll
0x0000000073ab0000 - 0x0000000073aca000 	C:\Program Files\Java\jdk1.8.0_65\jre\bin\net.dll
0x000007fefc760000 - 0x000007fefc7b5000 	C:\Windows\system32\mswsock.dll
0x000007fefc750000 - 0x000007fefc757000 	C:\Windows\System32\wship6.dll
0x0000000073150000 - 0x0000000073161000 	C:\Program Files\Java\jdk1.8.0_65\jre\bin\nio.dll
0x000007fef6cd0000 - 0x000007fef6d27000 	C:\Users\Josev\AppData\Local\Temp\lwjglJosev\3.1.2-build-29\lwjgl.dll
0x000007feee330000 - 0x000007feee333000 	C:\Windows\system32\api-ms-win-core-synch-l1-2-0.DLL
0x000007fef96c0000 - 0x000007fef971c000 	C:\Users\Josev\AppData\Local\Temp\lwjglJosev\3.1.2-build-29\lwjgl_opengl.dll
0x000007feec1c0000 - 0x000007feec2dd000 	C:\Windows\system32\opengl32.dll
0x000007feec190000 - 0x000007feec1bd000 	C:\Windows\system32\GLU32.dll
0x000007feec090000 - 0x000007feec181000 	C:\Windows\system32\DDRAW.dll
0x000007fef3390000 - 0x000007fef3398000 	C:\Windows\system32\DCIMAN32.dll
0x000007fefd460000 - 0x000007fefd637000 	C:\Windows\system32\SETUPAPI.dll
0x000007fefcfb0000 - 0x000007fefcfe6000 	C:\Windows\system32\CFGMGR32.dll
0x000007fefd710000 - 0x000007fefd7ea000 	C:\Windows\system32\OLEAUT32.dll
0x000007fefd2f0000 - 0x000007fefd30a000 	C:\Windows\system32\DEVOBJ.dll
0x000007fefab80000 - 0x000007fefab98000 	C:\Windows\system32\dwmapi.dll
0x000007fef8b00000 - 0x000007fef8c25000 	C:\Windows\system32\dbghelp.dll

VM Arguments:
jvm_args: -Dfile.encoding=UTF-8 
java_command: robotcalc.RobotCalc
java_class_path (initial): C:\Users\Josev\Documents\RobotCalc\libgl\lwjgl-assimp-javadoc.jar;C:\Users\Josev\Documents\RobotCalc\libgl\lwjgl-assimp-natives-windows.jar;C:\Users\Josev\Documents\RobotCalc\libgl\lwjgl-assimp-sources.jar;C:\Users\Josev\Documents\RobotCalc\libgl\lwjgl-assimp.jar;C:\Users\Josev\Documents\RobotCalc\libgl\lwjgl-bgfx-javadoc.jar;C:\Users\Josev\Documents\RobotCalc\libgl\lwjgl-bgfx-natives-windows.jar;C:\Users\Josev\Documents\RobotCalc\libgl\lwjgl-bgfx-sources.jar;C:\Users\Josev\Documents\RobotCalc\libgl\lwjgl-bgfx.jar;C:\Users\Josev\Documents\RobotCalc\libgl\lwjgl-egl-javadoc.jar;C:\Users\Josev\Documents\RobotCalc\libgl\lwjgl-egl-sources.jar;C:\Users\Josev\Documents\RobotCalc\libgl\lwjgl-egl.jar;C:\Users\Josev\Documents\RobotCalc\libgl\lwjgl-glfw-javadoc.jar;C:\Users\Josev\Documents\RobotCalc\libgl\lwjgl-glfw-natives-windows.jar;C:\Users\Josev\Documents\RobotCalc\libgl\lwjgl-glfw-sources.jar;C:\Users\Josev\Documents\RobotCalc\libgl\lwjgl-glfw.jar;C:\Users\Josev\Documents\RobotCalc\libgl\lwjgl-javadoc.jar;C:\Users\Josev\Documents\RobotCalc\libgl\lwjgl-jawt-javadoc.jar;C:\Users\Josev\Documents\RobotCalc\libgl\lwjgl-jawt-sources.jar;C:\Users\Josev\Documents\RobotCalc\libgl\lwjgl-jawt.jar;C:\Users\Josev\Documents\RobotCalc\libgl\lwjgl-jemalloc-javadoc.jar;C:\Users\Josev\Documents\RobotCalc\libgl\lwjgl-jemalloc-natives-windows.jar;C:\Users\Josev\Documents\RobotCalc\libgl\lwjgl-jemalloc-sources.jar;C:\Users\Josev\Documents\RobotCalc\libgl\lwjgl-jemalloc.jar;C:\Users\Josev\Documents\RobotCalc\libgl\lwjgl-lmdb-javadoc.jar;C:\Users\Josev\Documents\RobotCalc\libgl\lwjgl-lmdb-natives-windows.jar;C:\Users\Josev\Documents\RobotCalc\libgl\lwjgl-lmdb-sources.jar;C:\Users\Josev\Documents\RobotCalc\libgl\lwjgl-lmdb.jar;C:\Users\Josev\Documents\RobotCalc\libgl\lwjgl-nanovg-javadoc.jar;C:\Users\Josev\Documents\RobotCalc\libgl\lwjgl-nanovg-natives-windows.jar;C:\Users\Josev\Documents\RobotCalc\libgl\lwjgl-nanovg-sources.jar;C:\Users\Josev\Documents\RobotCalc\li
Launcher Type: SUN_STANDARD

Environment Variables:
JAVA_HOME=C:\Program Files\Java\jdk1.8.0_65
PATH=D:\RAD studio\bin;C:\Users\Public\Documents\Embarcadero\Studio\18.0\Bpl;D:\RAD studio\bin64;C:\Users\Public\Documents\Embarcadero\Studio\18.0\Bpl\Win64;C:\ProgramData\Oracle\Java\javapath;C:\Program Files (x86)\Intel\iCLS Client\;C:\Program Files\Intel\iCLS Client\;C:\Windows\system32;C:\Windows;C:\Windows\System32\Wbem;C:\Windows\System32\WindowsPowerShell\v1.0\;C:\Program Files\Intel\Intel(R) Management Engine Components\DAL;C:\Program Files\Intel\Intel(R) Management Engine Components\IPT;C:\Program Files (x86)\Intel\Intel(R) Management Engine Components\DAL;C:\Program Files (x86)\Intel\Intel(R) Management Engine Components\IPT;C:\Program Files (x86)\Common Files\Adobe\AGL;C:\Program Files\Microsoft\Web Platform Installer\;C:\Program Files (x86)\Microsoft ASP.NET\ASP.NET Web Pages\v1.0\;C:\Program Files\Microsoft SQL Server\110\Tools\Binn\;C:\Program Files (x86)\NVIDIA Corporation\PhysX\Common;C:\Program Files (x86)\Skype\Phone\;C:\Program Files (x86)\GtkSharp\2.12\bin;
USERNAME=Josev
OS=Windows_NT
PROCESSOR_IDENTIFIER=Intel64 Family 6 Model 60 Stepping 3, GenuineIntel



---------------  S Y S T E M  ---------------

OS: Windows 7 , 64 bit Build 7601 (6.1.7601.23543)

CPU:total 4 (4 cores per cpu, 1 threads per core) family 6 model 60 stepping 3, cmov, cx8, fxsr, mmx, sse, sse2, sse3, ssse3, sse4.1, sse4.2, popcnt, avx, avx2, aes, clmul, erms, lzcnt, tsc, tscinvbit, bmi1, bmi2

Memory: 4k page, physical 16662188k(12367536k free), swap 33322516k(28186064k free)

vm_info: Java HotSpot(TM) 64-Bit Server VM (25.65-b01) for windows-amd64 JRE (1.8.0_65-b17), built on Oct  6 2015 16:39:20 by "java_re" with MS VC++ 10.0 (VS2010)

time: Tue May 23 21:43:02 2017
elapsed time: 0 seconds (0d 0h 0m 0s)

